{"$message_type":"diagnostic","message":"unused import: `Field`","code":{"code":"unused_imports","explanation":null},"level":"warning","spans":[{"file_name":"examples/verify_mds_mix.rs","byte_start":15,"byte_end":20,"line_start":1,"line_end":1,"column_start":16,"column_end":21,"is_primary":true,"text":[{"text":"use p3_field::{Field, PrimeField32};","highlight_start":16,"highlight_end":21}],"label":null,"suggested_replacement":null,"suggestion_applicability":null,"expansion":null}],"children":[{"message":"`#[warn(unused_imports)]` (part of `#[warn(unused)]`) on by default","code":null,"level":"note","spans":[],"children":[],"rendered":null},{"message":"remove the unused import","code":null,"level":"help","spans":[{"file_name":"examples/verify_mds_mix.rs","byte_start":15,"byte_end":22,"line_start":1,"line_end":1,"column_start":16,"column_end":23,"is_primary":true,"text":[{"text":"use p3_field::{Field, PrimeField32};","highlight_start":16,"highlight_end":23}],"label":null,"suggested_replacement":"","suggestion_applicability":"MachineApplicable","expansion":null},{"file_name":"examples/verify_mds_mix.rs","byte_start":14,"byte_end":15,"line_start":1,"line_end":1,"column_start":15,"column_end":16,"is_primary":true,"text":[{"text":"use p3_field::{Field, PrimeField32};","highlight_start":15,"highlight_end":16}],"label":null,"suggested_replacement":"","suggestion_applicability":"MachineApplicable","expansion":null},{"file_name":"examples/verify_mds_mix.rs","byte_start":34,"byte_end":35,"line_start":1,"line_end":1,"column_start":35,"column_end":36,"is_primary":true,"text":[{"text":"use p3_field::{Field, PrimeField32};","highlight_start":35,"highlight_end":36}],"label":null,"suggested_replacement":"","suggestion_applicability":"MachineApplicable","expansion":null}],"children":[],"rendered":null}],"rendered":"\u001b[1m\u001b[33mwarning\u001b[0m\u001b[1m: unused import: `Field`\u001b[0m\n \u001b[1m\u001b[94m--> \u001b[0mexamples/verify_mds_mix.rs:1:16\n  \u001b[1m\u001b[94m|\u001b[0m\n\u001b[1m\u001b[94m1\u001b[0m \u001b[1m\u001b[94m|\u001b[0m use p3_field::{Field, PrimeField32};\n  \u001b[1m\u001b[94m|\u001b[0m                \u001b[1m\u001b[33m^^^^^\u001b[0m\n  \u001b[1m\u001b[94m|\u001b[0m\n  \u001b[1m\u001b[94m= \u001b[0m\u001b[1mnote\u001b[0m: `#[warn(unused_imports)]` (part of `#[warn(unused)]`) on by default\n\n"}
{"$message_type":"diagnostic","message":"no associated item named `ZERO` found for struct `Mersenne31` in the current scope","code":{"code":"E0599","explanation":"This error occurs when a method is used on a type which doesn't implement it:\n\nErroneous code example:\n\n```compile_fail,E0599\nstruct Mouth;\n\nlet x = Mouth;\nx.chocolate(); // error: no method named `chocolate` found for type `Mouth`\n               //        in the current scope\n```\n\nIn this case, you need to implement the `chocolate` method to fix the error:\n\n```\nstruct Mouth;\n\nimpl Mouth {\n    fn chocolate(&self) { // We implement the `chocolate` method here.\n        println!(\"Hmmm! I love chocolate!\");\n    }\n}\n\nlet x = Mouth;\nx.chocolate(); // ok!\n```\n"},"level":"error","spans":[{"file_name":"examples/verify_mds_mix.rs","byte_start":534,"byte_end":538,"line_start":15,"line_end":15,"column_start":33,"column_end":37,"is_primary":true,"text":[{"text":"    let mut sums = [Mersenne31::ZERO; 4];","highlight_start":33,"highlight_end":37}],"label":"associated item not found in `Mersenne31`","suggested_replacement":null,"suggestion_applicability":null,"expansion":null}],"children":[{"message":"items from traits can only be used if the trait is in scope","code":null,"level":"help","spans":[],"children":[],"rendered":null},{"message":"trait `PrimeCharacteristicRing` which provides `ZERO` is implemented but not in scope; perhaps you want to import it","code":null,"level":"help","spans":[{"file_name":"examples/verify_mds_mix.rs","byte_start":0,"byte_end":0,"line_start":1,"line_end":1,"column_start":1,"column_end":1,"is_primary":true,"text":[],"label":null,"suggested_replacement":"use p3_field::PrimeCharacteristicRing;\n","suggestion_applicability":"MaybeIncorrect","expansion":null}],"children":[],"rendered":null}],"rendered":"\u001b[1m\u001b[91merror[E0599]\u001b[0m\u001b[1m: no associated item named `ZERO` found for struct `Mersenne31` in the current scope\u001b[0m\n  \u001b[1m\u001b[94m--> \u001b[0mexamples/verify_mds_mix.rs:15:33\n   \u001b[1m\u001b[94m|\u001b[0m\n\u001b[1m\u001b[94m15\u001b[0m \u001b[1m\u001b[94m|\u001b[0m     let mut sums = [Mersenne31::ZERO; 4];\n   \u001b[1m\u001b[94m|\u001b[0m                                 \u001b[1m\u001b[91m^^^^\u001b[0m \u001b[1m\u001b[91massociated item not found in `Mersenne31`\u001b[0m\n   \u001b[1m\u001b[94m|\u001b[0m\n   \u001b[1m\u001b[94m= \u001b[0m\u001b[1mhelp\u001b[0m: items from traits can only be used if the trait is in scope\n\u001b[1m\u001b[96mhelp\u001b[0m: trait `PrimeCharacteristicRing` which provides `ZERO` is implemented but not in scope; perhaps you want to import it\n   \u001b[1m\u001b[94m|\u001b[0m\n \u001b[1m\u001b[94m1\u001b[0m \u001b[92m+ use p3_field::PrimeCharacteristicRing;\u001b[0m\n   \u001b[1m\u001b[94m|\u001b[0m\n\n"}
{"$message_type":"diagnostic","message":"no associated item named `ZERO` found for struct `Mersenne31` in the current scope","code":{"code":"E0599","explanation":"This error occurs when a method is used on a type which doesn't implement it:\n\nErroneous code example:\n\n```compile_fail,E0599\nstruct Mouth;\n\nlet x = Mouth;\nx.chocolate(); // error: no method named `chocolate` found for type `Mouth`\n               //        in the current scope\n```\n\nIn this case, you need to implement the `chocolate` method to fix the error:\n\n```\nstruct Mouth;\n\nimpl Mouth {\n    fn chocolate(&self) { // We implement the `chocolate` method here.\n        println!(\"Hmmm! I love chocolate!\");\n    }\n}\n\nlet x = Mouth;\nx.chocolate(); // ok!\n```\n"},"level":"error","spans":[{"file_name":"examples/verify_mds_mix.rs","byte_start":600,"byte_end":604,"line_start":17,"line_end":17,"column_start":35,"column_end":39,"is_primary":true,"text":[{"text":"        let mut acc = Mersenne31::ZERO;","highlight_start":35,"highlight_end":39}],"label":"associated item not found in `Mersenne31`","suggested_replacement":null,"suggestion_applicability":null,"expansion":null}],"children":[{"message":"items from traits can only be used if the trait is in scope","code":null,"level":"help","spans":[],"children":[],"rendered":null},{"message":"trait `PrimeCharacteristicRing` which provides `ZERO` is implemented but not in scope; perhaps you want to import it","code":null,"level":"help","spans":[{"file_name":"examples/verify_mds_mix.rs","byte_start":0,"byte_end":0,"line_start":1,"line_end":1,"column_start":1,"column_end":1,"is_primary":true,"text":[],"label":null,"suggested_replacement":"use p3_field::PrimeCharacteristicRing;\n","suggestion_applicability":"MaybeIncorrect","expansion":null}],"children":[],"rendered":null}],"rendered":"\u001b[1m\u001b[91merror[E0599]\u001b[0m\u001b[1m: no associated item named `ZERO` found for struct `Mersenne31` in the current scope\u001b[0m\n  \u001b[1m\u001b[94m--> \u001b[0mexamples/verify_mds_mix.rs:17:35\n   \u001b[1m\u001b[94m|\u001b[0m\n\u001b[1m\u001b[94m17\u001b[0m \u001b[1m\u001b[94m|\u001b[0m         let mut acc = Mersenne31::ZERO;\n   \u001b[1m\u001b[94m|\u001b[0m                                   \u001b[1m\u001b[91m^^^^\u001b[0m \u001b[1m\u001b[91massociated item not found in `Mersenne31`\u001b[0m\n   \u001b[1m\u001b[94m|\u001b[0m\n   \u001b[1m\u001b[94m= \u001b[0m\u001b[1mhelp\u001b[0m: items from traits can only be used if the trait is in scope\n\u001b[1m\u001b[96mhelp\u001b[0m: trait `PrimeCharacteristicRing` which provides `ZERO` is implemented but not in scope; perhaps you want to import it\n   \u001b[1m\u001b[94m|\u001b[0m\n \u001b[1m\u001b[94m1\u001b[0m \u001b[92m+ use p3_field::PrimeCharacteristicRing;\u001b[0m\n   \u001b[1m\u001b[94m|\u001b[0m\n\n"}
{"$message_type":"diagnostic","message":"no associated item named `ZERO` found for struct `Mersenne31` in the current scope","code":{"code":"E0599","explanation":"This error occurs when a method is used on a type which doesn't implement it:\n\nErroneous code example:\n\n```compile_fail,E0599\nstruct Mouth;\n\nlet x = Mouth;\nx.chocolate(); // error: no method named `chocolate` found for type `Mouth`\n               //        in the current scope\n```\n\nIn this case, you need to implement the `chocolate` method to fix the error:\n\n```\nstruct Mouth;\n\nimpl Mouth {\n    fn chocolate(&self) { // We implement the `chocolate` method here.\n        println!(\"Hmmm! I love chocolate!\");\n    }\n}\n\nlet x = Mouth;\nx.chocolate(); // ok!\n```\n"},"level":"error","spans":[{"file_name":"examples/verify_mds_mix.rs","byte_start":1063,"byte_end":1067,"line_start":37,"line_end":37,"column_start":36,"column_end":40,"is_primary":true,"text":[{"text":"    let mut state_4 = [Mersenne31::ZERO; 4];","highlight_start":36,"highlight_end":40}],"label":"associated item not found in `Mersenne31`","suggested_replacement":null,"suggestion_applicability":null,"expansion":null}],"children":[{"message":"items from traits can only be used if the trait is in scope","code":null,"level":"help","spans":[],"children":[],"rendered":null},{"message":"trait `PrimeCharacteristicRing` which provides `ZERO` is implemented but not in scope; perhaps you want to import it","code":null,"level":"help","spans":[{"file_name":"examples/verify_mds_mix.rs","byte_start":0,"byte_end":0,"line_start":1,"line_end":1,"column_start":1,"column_end":1,"is_primary":true,"text":[],"label":null,"suggested_replacement":"use p3_field::PrimeCharacteristicRing;\n","suggestion_applicability":"MaybeIncorrect","expansion":null}],"children":[],"rendered":null}],"rendered":"\u001b[1m\u001b[91merror[E0599]\u001b[0m\u001b[1m: no associated item named `ZERO` found for struct `Mersenne31` in the current scope\u001b[0m\n  \u001b[1m\u001b[94m--> \u001b[0mexamples/verify_mds_mix.rs:37:36\n   \u001b[1m\u001b[94m|\u001b[0m\n\u001b[1m\u001b[94m37\u001b[0m \u001b[1m\u001b[94m|\u001b[0m     let mut state_4 = [Mersenne31::ZERO; 4];\n   \u001b[1m\u001b[94m|\u001b[0m                                    \u001b[1m\u001b[91m^^^^\u001b[0m \u001b[1m\u001b[91massociated item not found in `Mersenne31`\u001b[0m\n   \u001b[1m\u001b[94m|\u001b[0m\n   \u001b[1m\u001b[94m= \u001b[0m\u001b[1mhelp\u001b[0m: items from traits can only be used if the trait is in scope\n\u001b[1m\u001b[96mhelp\u001b[0m: trait `PrimeCharacteristicRing` which provides `ZERO` is implemented but not in scope; perhaps you want to import it\n   \u001b[1m\u001b[94m|\u001b[0m\n \u001b[1m\u001b[94m1\u001b[0m \u001b[92m+ use p3_field::PrimeCharacteristicRing;\u001b[0m\n   \u001b[1m\u001b[94m|\u001b[0m\n\n"}
{"$message_type":"diagnostic","message":"no function or associated item named `from_canonical_u32` found for struct `Mersenne31` in the current scope","code":{"code":"E0599","explanation":"This error occurs when a method is used on a type which doesn't implement it:\n\nErroneous code example:\n\n```compile_fail,E0599\nstruct Mouth;\n\nlet x = Mouth;\nx.chocolate(); // error: no method named `chocolate` found for type `Mouth`\n               //        in the current scope\n```\n\nIn this case, you need to implement the `chocolate` method to fix the error:\n\n```\nstruct Mouth;\n\nimpl Mouth {\n    fn chocolate(&self) { // We implement the `chocolate` method here.\n        println!(\"Hmmm! I love chocolate!\");\n    }\n}\n\nlet x = Mouth;\nx.chocolate(); // ok!\n```\n"},"level":"error","spans":[{"file_name":"examples/verify_mds_mix.rs","byte_start":1213,"byte_end":1231,"line_start":40,"line_end":40,"column_start":34,"column_end":52,"is_primary":true,"text":[{"text":"        state_4[i] = Mersenne31::from_canonical_u32(rng.random::<u32>() % ((1 << 31) - 1));","highlight_start":34,"highlight_end":52}],"label":"function or associated item not found in `Mersenne31`","suggested_replacement":null,"suggestion_applicability":null,"expansion":null}],"children":[{"message":"if you're trying to build a new `Mersenne31` consider using one of the following associated functions:\nMersenne31::new\nMersenne31::new_checked","code":null,"level":"note","spans":[{"file_name":"/mnt/g/desktop/M31POESEIDON2/Plonky3-main/Plonky3-main/mersenne-31/src/mersenne_31.rs","byte_start":1516,"byte_end":1552,"line_start":44,"line_end":44,"column_start":5,"column_end":41,"is_primary":true,"text":[{"text":"    pub const fn new(value: u32) -> Self {","highlight_start":5,"highlight_end":41}],"label":null,"suggested_replacement":null,"suggestion_applicability":null,"expansion":null},{"file_name":"/mnt/g/desktop/M31POESEIDON2/Plonky3-main/Plonky3-main/mersenne-31/src/mersenne_31.rs","byte_start":2057,"byte_end":2109,"line_start":62,"line_end":62,"column_start":5,"column_end":57,"is_primary":true,"text":[{"text":"    pub const fn new_checked(value: u32) -> Option<Self> {","highlight_start":5,"highlight_end":57}],"label":null,"suggested_replacement":null,"suggestion_applicability":null,"expansion":null}],"children":[],"rendered":null},{"message":"there is a method `as_canonical_u32` with a similar name, but with different arguments","code":null,"level":"help","spans":[{"file_name":"/mnt/g/desktop/M31POESEIDON2/Plonky3-main/Plonky3-main/field/src/field.rs","byte_start":36377,"byte_end":36411,"line_start":906,"line_end":906,"column_start":5,"column_end":39,"is_primary":true,"text":[{"text":"    fn as_canonical_u32(&self) -> u32;","highlight_start":5,"highlight_end":39}],"label":null,"suggested_replacement":null,"suggestion_applicability":null,"expansion":null}],"children":[],"rendered":null}],"rendered":"\u001b[1m\u001b[91merror[E0599]\u001b[0m\u001b[1m: no function or associated item named `from_canonical_u32` found for struct `Mersenne31` in the current scope\u001b[0m\n   \u001b[1m\u001b[94m--> \u001b[0mexamples/verify_mds_mix.rs:40:34\n    \u001b[1m\u001b[94m|\u001b[0m\n \u001b[1m\u001b[94m40\u001b[0m \u001b[1m\u001b[94m|\u001b[0m         state_4[i] = Mersenne31::from_canonical_u32(rng.random::<u32>() % ((1 << 31) - 1));\n    \u001b[1m\u001b[94m|\u001b[0m                                  \u001b[1m\u001b[91m^^^^^^^^^^^^^^^^^^\u001b[0m \u001b[1m\u001b[91mfunction or associated item not found in `Mersenne31`\u001b[0m\n    \u001b[1m\u001b[94m|\u001b[0m\n\u001b[1m\u001b[92mnote\u001b[0m: if you're trying to build a new `Mersenne31` consider using one of the following associated functions:\n      Mersenne31::new\n      Mersenne31::new_checked\n   \u001b[1m\u001b[94m--> \u001b[0m/mnt/g/desktop/M31POESEIDON2/Plonky3-main/Plonky3-main/mersenne-31/src/mersenne_31.rs:44:5\n    \u001b[1m\u001b[94m|\u001b[0m\n \u001b[1m\u001b[94m44\u001b[0m \u001b[1m\u001b[94m|\u001b[0m     pub const fn new(value: u32) -> Self {\n    \u001b[1m\u001b[94m|\u001b[0m     \u001b[1m\u001b[92m^^^^^^^^^^^^^^^^^^^^^^^^^^^^^^^^^^^^\u001b[0m\n\u001b[1m\u001b[94m...\u001b[0m\n \u001b[1m\u001b[94m62\u001b[0m \u001b[1m\u001b[94m|\u001b[0m     pub const fn new_checked(value: u32) -> Option<Self> {\n    \u001b[1m\u001b[94m|\u001b[0m     \u001b[1m\u001b[92m^^^^^^^^^^^^^^^^^^^^^^^^^^^^^^^^^^^^^^^^^^^^^^^^^^^^\u001b[0m\n\u001b[1m\u001b[96mhelp\u001b[0m: there is a method `as_canonical_u32` with a similar name, but with different arguments\n   \u001b[1m\u001b[94m--> \u001b[0m/mnt/g/desktop/M31POESEIDON2/Plonky3-main/Plonky3-main/field/src/field.rs:906:5\n    \u001b[1m\u001b[94m|\u001b[0m\n\u001b[1m\u001b[94m906\u001b[0m \u001b[1m\u001b[94m|\u001b[0m     fn as_canonical_u32(&self) -> u32;\n    \u001b[1m\u001b[94m|\u001b[0m     \u001b[1m\u001b[96m^^^^^^^^^^^^^^^^^^^^^^^^^^^^^^^^^^\u001b[0m\n\n"}
{"$message_type":"diagnostic","message":"no associated item named `ZERO` found for struct `Mersenne31` in the current scope","code":{"code":"E0599","explanation":"This error occurs when a method is used on a type which doesn't implement it:\n\nErroneous code example:\n\n```compile_fail,E0599\nstruct Mouth;\n\nlet x = Mouth;\nx.chocolate(); // error: no method named `chocolate` found for type `Mouth`\n               //        in the current scope\n```\n\nIn this case, you need to implement the `chocolate` method to fix the error:\n\n```\nstruct Mouth;\n\nimpl Mouth {\n    fn chocolate(&self) { // We implement the `chocolate` method here.\n        println!(\"Hmmm! I love chocolate!\");\n    }\n}\n\nlet x = Mouth;\nx.chocolate(); // ok!\n```\n"},"level":"error","spans":[{"file_name":"examples/verify_mds_mix.rs","byte_start":1888,"byte_end":1892,"line_start":64,"line_end":64,"column_start":37,"column_end":41,"is_primary":true,"text":[{"text":"    let mut state_16 = [Mersenne31::ZERO; 16];","highlight_start":37,"highlight_end":41}],"label":"associated item not found in `Mersenne31`","suggested_replacement":null,"suggestion_applicability":null,"expansion":null}],"children":[{"message":"items from traits can only be used if the trait is in scope","code":null,"level":"help","spans":[],"children":[],"rendered":null},{"message":"trait `PrimeCharacteristicRing` which provides `ZERO` is implemented but not in scope; perhaps you want to import it","code":null,"level":"help","spans":[{"file_name":"examples/verify_mds_mix.rs","byte_start":0,"byte_end":0,"line_start":1,"line_end":1,"column_start":1,"column_end":1,"is_primary":true,"text":[],"label":null,"suggested_replacement":"use p3_field::PrimeCharacteristicRing;\n","suggestion_applicability":"MaybeIncorrect","expansion":null}],"children":[],"rendered":null}],"rendered":"\u001b[1m\u001b[91merror[E0599]\u001b[0m\u001b[1m: no associated item named `ZERO` found for struct `Mersenne31` in the current scope\u001b[0m\n  \u001b[1m\u001b[94m--> \u001b[0mexamples/verify_mds_mix.rs:64:37\n   \u001b[1m\u001b[94m|\u001b[0m\n\u001b[1m\u001b[94m64\u001b[0m \u001b[1m\u001b[94m|\u001b[0m     let mut state_16 = [Mersenne31::ZERO; 16];\n   \u001b[1m\u001b[94m|\u001b[0m                                     \u001b[1m\u001b[91m^^^^\u001b[0m \u001b[1m\u001b[91massociated item not found in `Mersenne31`\u001b[0m\n   \u001b[1m\u001b[94m|\u001b[0m\n   \u001b[1m\u001b[94m= \u001b[0m\u001b[1mhelp\u001b[0m: items from traits can only be used if the trait is in scope\n\u001b[1m\u001b[96mhelp\u001b[0m: trait `PrimeCharacteristicRing` which provides `ZERO` is implemented but not in scope; perhaps you want to import it\n   \u001b[1m\u001b[94m|\u001b[0m\n \u001b[1m\u001b[94m1\u001b[0m \u001b[92m+ use p3_field::PrimeCharacteristicRing;\u001b[0m\n   \u001b[1m\u001b[94m|\u001b[0m\n\n"}
{"$message_type":"diagnostic","message":"no function or associated item named `from_canonical_u32` found for struct `Mersenne31` in the current scope","code":{"code":"E0599","explanation":"This error occurs when a method is used on a type which doesn't implement it:\n\nErroneous code example:\n\n```compile_fail,E0599\nstruct Mouth;\n\nlet x = Mouth;\nx.chocolate(); // error: no method named `chocolate` found for type `Mouth`\n               //        in the current scope\n```\n\nIn this case, you need to implement the `chocolate` method to fix the error:\n\n```\nstruct Mouth;\n\nimpl Mouth {\n    fn chocolate(&self) { // We implement the `chocolate` method here.\n        println!(\"Hmmm! I love chocolate!\");\n    }\n}\n\nlet x = Mouth;\nx.chocolate(); // ok!\n```\n"},"level":"error","spans":[{"file_name":"examples/verify_mds_mix.rs","byte_start":1956,"byte_end":1974,"line_start":66,"line_end":66,"column_start":35,"column_end":53,"is_primary":true,"text":[{"text":"        state_16[i] = Mersenne31::from_canonical_u32(rng.random::<u32>() % ((1 << 31) - 1));","highlight_start":35,"highlight_end":53}],"label":"function or associated item not found in `Mersenne31`","suggested_replacement":null,"suggestion_applicability":null,"expansion":null}],"children":[{"message":"if you're trying to build a new `Mersenne31` consider using one of the following associated functions:\nMersenne31::new\nMersenne31::new_checked","code":null,"level":"note","spans":[{"file_name":"/mnt/g/desktop/M31POESEIDON2/Plonky3-main/Plonky3-main/mersenne-31/src/mersenne_31.rs","byte_start":1516,"byte_end":1552,"line_start":44,"line_end":44,"column_start":5,"column_end":41,"is_primary":true,"text":[{"text":"    pub const fn new(value: u32) -> Self {","highlight_start":5,"highlight_end":41}],"label":null,"suggested_replacement":null,"suggestion_applicability":null,"expansion":null},{"file_name":"/mnt/g/desktop/M31POESEIDON2/Plonky3-main/Plonky3-main/mersenne-31/src/mersenne_31.rs","byte_start":2057,"byte_end":2109,"line_start":62,"line_end":62,"column_start":5,"column_end":57,"is_primary":true,"text":[{"text":"    pub const fn new_checked(value: u32) -> Option<Self> {","highlight_start":5,"highlight_end":57}],"label":null,"suggested_replacement":null,"suggestion_applicability":null,"expansion":null}],"children":[],"rendered":null},{"message":"there is a method `as_canonical_u32` with a similar name, but with different arguments","code":null,"level":"help","spans":[{"file_name":"/mnt/g/desktop/M31POESEIDON2/Plonky3-main/Plonky3-main/field/src/field.rs","byte_start":36377,"byte_end":36411,"line_start":906,"line_end":906,"column_start":5,"column_end":39,"is_primary":true,"text":[{"text":"    fn as_canonical_u32(&self) -> u32;","highlight_start":5,"highlight_end":39}],"label":null,"suggested_replacement":null,"suggestion_applicability":null,"expansion":null}],"children":[],"rendered":null}],"rendered":"\u001b[1m\u001b[91merror[E0599]\u001b[0m\u001b[1m: no function or associated item named `from_canonical_u32` found for struct `Mersenne31` in the current scope\u001b[0m\n   \u001b[1m\u001b[94m--> \u001b[0mexamples/verify_mds_mix.rs:66:35\n    \u001b[1m\u001b[94m|\u001b[0m\n \u001b[1m\u001b[94m66\u001b[0m \u001b[1m\u001b[94m|\u001b[0m         state_16[i] = Mersenne31::from_canonical_u32(rng.random::<u32>() % ((1 << 31) - 1));\n    \u001b[1m\u001b[94m|\u001b[0m                                   \u001b[1m\u001b[91m^^^^^^^^^^^^^^^^^^\u001b[0m \u001b[1m\u001b[91mfunction or associated item not found in `Mersenne31`\u001b[0m\n    \u001b[1m\u001b[94m|\u001b[0m\n\u001b[1m\u001b[92mnote\u001b[0m: if you're trying to build a new `Mersenne31` consider using one of the following associated functions:\n      Mersenne31::new\n      Mersenne31::new_checked\n   \u001b[1m\u001b[94m--> \u001b[0m/mnt/g/desktop/M31POESEIDON2/Plonky3-main/Plonky3-main/mersenne-31/src/mersenne_31.rs:44:5\n    \u001b[1m\u001b[94m|\u001b[0m\n \u001b[1m\u001b[94m44\u001b[0m \u001b[1m\u001b[94m|\u001b[0m     pub const fn new(value: u32) -> Self {\n    \u001b[1m\u001b[94m|\u001b[0m     \u001b[1m\u001b[92m^^^^^^^^^^^^^^^^^^^^^^^^^^^^^^^^^^^^\u001b[0m\n\u001b[1m\u001b[94m...\u001b[0m\n \u001b[1m\u001b[94m62\u001b[0m \u001b[1m\u001b[94m|\u001b[0m     pub const fn new_checked(value: u32) -> Option<Self> {\n    \u001b[1m\u001b[94m|\u001b[0m     \u001b[1m\u001b[92m^^^^^^^^^^^^^^^^^^^^^^^^^^^^^^^^^^^^^^^^^^^^^^^^^^^^\u001b[0m\n\u001b[1m\u001b[96mhelp\u001b[0m: there is a method `as_canonical_u32` with a similar name, but with different arguments\n   \u001b[1m\u001b[94m--> \u001b[0m/mnt/g/desktop/M31POESEIDON2/Plonky3-main/Plonky3-main/field/src/field.rs:906:5\n    \u001b[1m\u001b[94m|\u001b[0m\n\u001b[1m\u001b[94m906\u001b[0m \u001b[1m\u001b[94m|\u001b[0m     fn as_canonical_u32(&self) -> u32;\n    \u001b[1m\u001b[94m|\u001b[0m     \u001b[1m\u001b[96m^^^^^^^^^^^^^^^^^^^^^^^^^^^^^^^^^^\u001b[0m\n\n"}
{"$message_type":"diagnostic","message":"aborting due to 6 previous errors; 1 warning emitted","code":null,"level":"error","spans":[],"children":[],"rendered":"\u001b[1m\u001b[91merror\u001b[0m\u001b[1m: aborting due to 6 previous errors; 1 warning emitted\u001b[0m\n\n"}
{"$message_type":"diagnostic","message":"For more information about this error, try `rustc --explain E0599`.","code":null,"level":"failure-note","spans":[],"children":[],"rendered":"\u001b[1mFor more information about this error, try `rustc --explain E0599`.\u001b[0m\n"}
